[Mon, 10 Aug 2015 06:58:14 +0000] (N); Creating database scheme
[Mon, 10 Aug 2015 06:58:16 +0000] (N); Importing data
[Mon, 10 Aug 2015 06:58:22 +0000] (N); Installing additional language en
[Mon, 10 Aug 2015 06:58:36 +0000] (N); access_restrictions add-on installed
[Mon, 10 Aug 2015 06:58:36 +0000] (N); attachments add-on installed
[Mon, 10 Aug 2015 06:58:36 +0000] (N); banners add-on installed
[Mon, 10 Aug 2015 06:58:36 +0000] (N); barcode add-on installed
[Mon, 10 Aug 2015 06:58:36 +0000] (N); bestsellers add-on installed
[Mon, 10 Aug 2015 06:58:36 +0000] (N); buy_together add-on installed
[Mon, 10 Aug 2015 06:58:37 +0000] (N); call_requests add-on installed
[Mon, 10 Aug 2015 06:58:37 +0000] (N); catalog_mode add-on installed
[Mon, 10 Aug 2015 06:58:37 +0000] (N); customers_also_bought add-on installed
[Mon, 10 Aug 2015 06:58:37 +0000] (N); data_feeds add-on installed
[Mon, 10 Aug 2015 06:58:38 +0000] (N); discussion add-on installed
[Mon, 10 Aug 2015 06:58:38 +0000] (N); email_marketing add-on installed
[Mon, 10 Aug 2015 06:58:38 +0000] (N); form_builder add-on installed
[Mon, 10 Aug 2015 06:58:39 +0000] (N); gift_certificates add-on installed
[Mon, 10 Aug 2015 06:58:39 +0000] (N); google_analytics add-on installed
[Mon, 10 Aug 2015 06:58:40 +0000] (N); google_sitemap add-on installed
[Mon, 10 Aug 2015 06:58:40 +0000] (N); help_tutorial add-on installed
[Mon, 10 Aug 2015 06:58:40 +0000] (N); hidpi add-on installed
[Mon, 10 Aug 2015 06:58:40 +0000] (N); hybrid_auth add-on installed
[Mon, 10 Aug 2015 06:58:40 +0000] (N); image_zoom add-on installed
[Mon, 10 Aug 2015 06:58:40 +0000] (N); janrain add-on installed
[Mon, 10 Aug 2015 06:58:40 +0000] (N); my_changes add-on installed
[Mon, 10 Aug 2015 06:58:41 +0000] (N); news_and_emails add-on installed
[Mon, 10 Aug 2015 06:58:41 +0000] (N); polls add-on installed
[Mon, 10 Aug 2015 06:58:41 +0000] (N); price_list add-on installed
[Mon, 10 Aug 2015 06:58:41 +0000] (N); required_products add-on installed
[Mon, 10 Aug 2015 06:58:41 +0000] (N); reward_points add-on installed
[Mon, 10 Aug 2015 06:58:42 +0000] (N); rma add-on installed
[Mon, 10 Aug 2015 06:58:42 +0000] (N); rss_feed add-on installed
[Mon, 10 Aug 2015 06:58:42 +0000] (N); seo add-on installed
[Mon, 10 Aug 2015 06:58:44 +0000] (N); social_buttons add-on installed
[Mon, 10 Aug 2015 06:58:44 +0000] (N); store_locator add-on installed
[Mon, 10 Aug 2015 06:58:44 +0000] (N); tags add-on installed
[Mon, 10 Aug 2015 06:58:45 +0000] (N); vendor_data_premoderation add-on installed
[Mon, 10 Aug 2015 06:58:45 +0000] (N); watermarks add-on installed
[Mon, 10 Aug 2015 06:58:45 +0000] (N); wishlist add-on installed
